21-08-2025 21:28:19	This log contains information about the import schema operation into project 'Db' on computer 'LAPTOP-0UPEB4A1' by user 'kunal'.
21-08-2025 21:28:21	Import of database schema has started.
21-08-2025 21:28:28	Gathering database credentials
21-08-2025 21:28:28	Gathering database options
21-08-2025 21:28:28	Gathering generic database scoped configuration option
21-08-2025 21:28:28	Gathering users
21-08-2025 21:28:28	Gathering roles
21-08-2025 21:28:28	Gathering application roles
21-08-2025 21:28:28	Gathering role memberships
21-08-2025 21:28:28	Gathering filegroups
21-08-2025 21:28:28	Gathering full-text catalogs
21-08-2025 21:28:28	Gathering assemblies
21-08-2025 21:28:28	Gathering certificates
21-08-2025 21:28:28	Gathering asymmetric keys
21-08-2025 21:28:28	Gathering symmetric keys
21-08-2025 21:28:28	Gathering encrypted symmetric keys
21-08-2025 21:28:28	Gathering schemas
21-08-2025 21:28:28	Gathering XML schema collections
21-08-2025 21:28:28	Gathering user-defined data types
21-08-2025 21:28:28	Gathering user-defined types
21-08-2025 21:28:28	Gathering table types
21-08-2025 21:28:28	Gathering unique keys for table types
21-08-2025 21:28:28	Gathering primary keys for table types
21-08-2025 21:28:28	Gathering indexes for table types
21-08-2025 21:28:28	Gathering check constraints for table types
21-08-2025 21:28:28	Gathering default constraints for table types
21-08-2025 21:28:28	Gathering partition functions
21-08-2025 21:28:28	Gathering partition schemes
21-08-2025 21:28:28	Gathering functions
21-08-2025 21:28:28	Gathering encrypted functions
21-08-2025 21:28:28	Gathering aggregates
21-08-2025 21:28:28	Gathering procedures
21-08-2025 21:28:28	Gathering encrypted procedures
21-08-2025 21:28:28	Gathering tables
21-08-2025 21:28:28	Gathering primary keys
21-08-2025 21:28:28	Gathering unique constraints
21-08-2025 21:28:28	Gathering foreign keys
21-08-2025 21:28:28	Gathering default constraints
21-08-2025 21:28:28	Gathering check constraints
21-08-2025 21:28:28	Gathering views
21-08-2025 21:28:28	Gathering encrypted views
21-08-2025 21:28:28	Gathering indexes
21-08-2025 21:28:28	Gathering statistics
21-08-2025 21:28:28	Gathering full-text index stoplists
21-08-2025 21:28:28	Gathering search property lists
21-08-2025 21:28:28	Gathering search properties
21-08-2025 21:28:28	Gathering full-text indexes
21-08-2025 21:28:28	Gathering column store indexes
21-08-2025 21:28:28	Gathering spatial indexes
21-08-2025 21:28:28	Gathering XML indexes
21-08-2025 21:28:28	Gathering Selective XML indexes
21-08-2025 21:28:28	Gathering encrypted triggers
21-08-2025 21:28:28	Gathering triggers
21-08-2025 21:28:28	Gathering encrypted and clr ddl triggers
21-08-2025 21:28:28	Gathering ddl triggers
21-08-2025 21:28:28	Creating edge constraints
21-08-2025 21:28:28	Gathering synonyms
21-08-2025 21:28:28	Gathering defaults
21-08-2025 21:28:28	Gathering data constraint uddt bindings
21-08-2025 21:28:28	Gathering rules
21-08-2025 21:28:28	Gathering data constraint uddt bindings
21-08-2025 21:28:28	Gathering message types
21-08-2025 21:28:28	Gathering queues
21-08-2025 21:28:28	Gathering contracts
21-08-2025 21:28:28	Gathering services
21-08-2025 21:28:28	Gathering event notifications
21-08-2025 21:28:28	Gathering remote service bindings
21-08-2025 21:28:28	Gathering broker priorities
21-08-2025 21:28:28	Gathering signatures
21-08-2025 21:28:28	Gathering compression options
21-08-2025 21:28:28	Gathering sequence types
21-08-2025 21:28:28	Gathering security policies
21-08-2025 21:28:28	Gather column encryption keys
21-08-2025 21:28:28	Gathering column master keys
21-08-2025 21:28:28	Gathering external data sources
21-08-2025 21:28:28	Gathering external file formats
21-08-2025 21:28:28	Gathering external tables
21-08-2025 21:28:28	Gathering XML index compression options
21-08-2025 21:28:28	Gathering database permissions
21-08-2025 21:28:28	Gathering extended properties
21-08-2025 21:28:28	Gathering assemblies
21-08-2025 21:28:28	Gathering credentials
21-08-2025 21:28:28	Gathering logins
21-08-2025 21:28:28	Gathering server audits
21-08-2025 21:28:29	Scanning project for duplicate elements
21-08-2025 21:28:30	Finished duplicate element processing
21-08-2025 21:28:31	Finished importing database.
21-08-2025 21:28:31	A summary of the import was saved to the following location: C:\Program Files\Microsoft SQL Server\MSSQL16.SQLEXPRESS05\MSSQL\DATA\Db\Import Schema Logs\Db_20250821035819.log
21-08-2025 21:28:31	Click Finish to continue...
